[00:00] Game started on map 'map_forest_01', duration: 1240s, ClanWarId: 00000000-0000-0000-0000-000000000001
[00:07] Player 00000000-0000-0000-0000-000000000004 spotted Player 00000000-0000-0000-0000-000000000002 near the river.
[00:13] Player 00000000-0000-0000-0000-000000000001 killed Player 00000000-0000-0000-0000-000000000002 with a long-range shot.
[00:19] Player 00000000-0000-0000-0000-000000000009 ambushed Player 00000000-0000-0000-0000-000000000007, dealing 900 damage.
[00:22] Player 00000000-0000-0000-0000-000000000006 dealt 800 damage to Player 00000000-0000-0000-0000-000000000005.
[00:28] Player 00000000-0000-0000-0000-000000000003 killed Player 00000000-0000-0000-0000-000000000004 in a close duel.
[00:34] Player 00000000-0000-0000-0000-000000000001 survived a close encounter (damage received: 200).
[00:41] Player 00000000-0000-0000-0000-000000000005 was destroyed by Player 00000000-0000-0000-0000-000000000006.
[00:53] Player 00000000-0000-0000-0000-000000000002 killed Player 00000000-0000-0000-0000-000000000008 with a surprise attack.
[01:05] Player 00000000-0000-0000-0000-000000000009 dealt 1200 damage to Player 00000000-0000-0000-0000-00000000000A.
[01:17] Player 00000000-0000-0000-0000-000000000001 reached 5 kills milestone.
[01:23] Player 00000000-0000-0000-0000-000000000006 destroyed Player 00000000-0000-0000-0000-000000000005's tank with a critical hit.
[02:02] Player 00000000-0000-0000-0000-000000000003 repaired their tracks under fire.
[02:15] Player 00000000-0000-0000-0000-000000000001 killed Player 00000000-0000-0000-0000-000000000007.
[03:11] Player 00000000-0000-0000-0000-000000000004 captured the eastern base for Clan 1.
[04:27] Player 00000000-0000-0000-0000-000000000008 assisted Player 00000000-0000-0000-0000-000000000006 in flanking maneuver.
[05:39] Player 00000000-0000-0000-0000-000000000001 achieved 10 kills.
[07:12] Player 00000000-0000-0000-0000-000000000009 destroyed Player 00000000-0000-0000-0000-000000000002 with a ramming attack.
[08:45] Player 00000000-0000-0000-0000-000000000003 set Player 00000000-0000-0000-0000-000000000004 on fire.
[10:03] Clan 00000000-0000-0000-0000-000000000001 leads with 1200 points.
[11:27] Player 00000000-0000-0000-0000-000000000006 survived a 2v1 ambush.
[12:55] Player 00000000-0000-0000-0000-000000000001 received 400 damage from Player 00000000-0000-0000-0000-000000000009.
[13:40] Player 00000000-0000-0000-0000-000000000005 respawned at the southern base.
[15:12] Clan 00000000-0000-0000-0000-000000000002 at 1100 points.
[16:33] Player 00000000-0000-0000-0000-000000000008 destroyed an enemy supply truck.
[17:21] Player 00000000-0000-0000-0000-000000000003 killed Player 00000000-0000-0000-0000-000000000005.
[18:44] Player 00000000-0000-0000-0000-000000000001 achieved 12 kills.
[19:02] Player 00000000-0000-0000-0000-000000000006 earned the 'Steel Wall' achievement.
[19:55] Player 00000000-0000-0000-0000-000000000004 was eliminated by artillery strike.
[20:00] Clan 00000000-0000-0000-0000-000000000003 at 1000 points.
[20:11] Player 00000000-0000-0000-0000-000000000001 survived the battle.
[20:13] Player 00000000-0000-0000-0000-000000000003 survived the battle.
[20:15] Player 00000000-0000-0000-0000-000000000004 survived the battle.
[20:17] Player 00000000-0000-0000-0000-000000000006 survived the battle.
[20:19] Player 00000000-0000-0000-0000-000000000008 survived the battle.
[20:45] Game ended at 2024-05-20T14:30:00Z. Final placements: Clan1-1st, Clan2-2nd, Clan3-3rd